[17-Feb-2021 22:12:22 UTC] PHP Notice:  Undefined property: stdClass::$plugin in /www/kinsta/public/squ4d/wp-includes/class-wp-list-util.php on line 159
[17-Feb-2021 22:12:22 UTC] PHP Notice:  Undefined property: stdClass::$plugin in /www/kinsta/public/squ4d/wp-includes/class-wp-list-util.php on line 159
[17-Feb-2021 22:12:29 UTC] PHP Notice:  Undefined property: stdClass::$plugin in /www/kinsta/public/squ4d/wp-includes/class-wp-list-util.php on line 159
[17-Feb-2021 22:12:29 UTC] PHP Notice:  Undefined property: stdClass::$plugin in /www/kinsta/public/squ4d/wp-includes/class-wp-list-util.php on line 159
[17-Feb-2021 22:12:42 UTC] PHP Notice:  Undefined property: stdClass::$plugin in /www/kinsta/public/squ4d/wp-includes/class-wp-list-util.php on line 159
[17-Feb-2021 22:12:42 UTC] PHP Notice:  Undefined property: stdClass::$plugin in /www/kinsta/public/squ4d/wp-includes/class-wp-list-util.php on line 159
[17-Feb-2021 22:13:14 UTC] PHP Notice:  Undefined property: stdClass::$plugin in /www/kinsta/public/squ4d/wp-includes/class-wp-list-util.php on line 159
[17-Feb-2021 22:13:14 UTC] PHP Notice:  Undefined property: stdClass::$plugin in /www/kinsta/public/squ4d/wp-includes/class-wp-list-util.php on line 159
[17-Feb-2021 22:13:36 UTC] PHP Notice:  Undefined property: stdClass::$plugin in /www/kinsta/public/squ4d/wp-includes/class-wp-list-util.php on line 159
[17-Feb-2021 22:13:36 UTC] PHP Notice:  Undefined property: stdClass::$plugin in /www/kinsta/public/squ4d/wp-includes/class-wp-list-util.php on line 159
[17-Feb-2021 22:14:36 UTC] PHP Notice:  Undefined property: stdClass::$plugin in /www/kinsta/public/squ4d/wp-includes/class-wp-list-util.php on line 159
[17-Feb-2021 22:14:36 UTC] PHP Notice:  Undefined property: stdClass::$plugin in /www/kinsta/public/squ4d/wp-includes/class-wp-list-util.php on line 159
[17-Feb-2021 22:14:56 UTC] PHP Notice:  Undefined property: stdClass::$plugin in /www/kinsta/public/squ4d/wp-includes/class-wp-list-util.php on line 159
[17-Feb-2021 22:14:56 UTC] PHP Notice:  Undefined property: stdClass::$plugin in /www/kinsta/public/squ4d/wp-includes/class-wp-list-util.php on line 159
[17-Feb-2021 22:15:04 UTC] PHP Notice:  Undefined property: stdClass::$plugin in /www/kinsta/public/squ4d/wp-includes/class-wp-list-util.php on line 159
[17-Feb-2021 22:15:04 UTC] PHP Notice:  Undefined property: stdClass::$plugin in /www/kinsta/public/squ4d/wp-includes/class-wp-list-util.php on line 159
[17-Feb-2021 22:28:35 UTC] PHP Deprecated:  whitelist_options is <strong>deprecated</strong> since version 5.5.0! Use apply_filters_deprecated instead. Please consider writing more inclusive code. in /www/kinsta/public/squ4d/wp-includes/functions.php on line 5234
[17-Feb-2021 22:29:26 UTC] PHP Notice:  Undefined property: stdClass::$plugin in /www/kinsta/public/squ4d/wp-includes/class-wp-list-util.php on line 159
[17-Feb-2021 22:29:26 UTC] PHP Notice:  Undefined property: stdClass::$plugin in /www/kinsta/public/squ4d/wp-includes/class-wp-list-util.php on line 159
[17-Feb-2021 22:45:13 UTC] PHP Notice:  Undefined property: stdClass::$plugin in /www/kinsta/public/squ4d/wp-includes/class-wp-list-util.php on line 159
[17-Feb-2021 22:45:14 UTC] PHP Notice:  Undefined property: stdClass::$plugin in /www/kinsta/public/squ4d/wp-includes/class-wp-list-util.php on line 159
[17-Feb-2021 22:45:20 UTC] PHP Notice:  Undefined property: stdClass::$plugin in /www/kinsta/public/squ4d/wp-includes/class-wp-list-util.php on line 159
[17-Feb-2021 22:45:20 UTC] PHP Notice:  Undefined property: stdClass::$plugin in /www/kinsta/public/squ4d/wp-includes/class-wp-list-util.php on line 159
[17-Feb-2021 22:45:22 UTC] PHP Notice:  Undefined property: stdClass::$plugin in /www/kinsta/public/squ4d/wp-includes/class-wp-list-util.php on line 159
[17-Feb-2021 22:45:22 UTC] PHP Notice:  Undefined property: stdClass::$plugin in /www/kinsta/public/squ4d/wp-includes/class-wp-list-util.php on line 159
[19-Feb-2021 22:27:33 UTC] PHP Notice:  Undefined index: data in /www/kinsta/public/squ4d/wp-content/plugins/elementor/core/common/modules/ajax/module.php on line 171
[22-Feb-2021 20:14:59 UTC] PHP Notice:  Undefined index: data in /www/kinsta/public/squ4d/wp-content/plugins/elementor/core/common/modules/ajax/module.php on line 171
[22-Feb-2021 20:40:51 UTC] PHP Notice:  Trying to access array offset on value of type bool in /www/kinsta/public/squ4d/wp-content/plugins/lekker-core/inc/shortcodes/image-marquee/image-marquee.php on line 136
[22-Feb-2021 20:40:51 UTC] PHP Notice:  Trying to access array offset on value of type bool in /www/kinsta/public/squ4d/wp-content/plugins/lekker-core/inc/shortcodes/image-marquee/image-marquee.php on line 134
[22-Feb-2021 20:40:51 UTC] PHP Notice:  Trying to access array offset on value of type bool in /www/kinsta/public/squ4d/wp-content/plugins/lekker-core/inc/shortcodes/image-marquee/image-marquee.php on line 152
[22-Feb-2021 20:40:51 UTC] PHP Notice:  Trying to access array offset on value of type bool in /www/kinsta/public/squ4d/wp-content/plugins/lekker-core/inc/shortcodes/image-marquee/image-marquee.php on line 158
[22-Feb-2021 20:40:51 UTC] PHP Notice:  Trying to access array offset on value of type bool in /www/kinsta/public/squ4d/wp-content/plugins/lekker-core/inc/shortcodes/image-marquee/image-marquee.php on line 159
[22-Feb-2021 20:40:51 UTC] PHP Notice:  Trying to access array offset on value of type bool in /www/kinsta/public/squ4d/wp-content/plugins/lekker-core/inc/shortcodes/image-marquee/image-marquee.php on line 152
[22-Feb-2021 20:40:51 UTC] PHP Notice:  Trying to access array offset on value of type bool in /www/kinsta/public/squ4d/wp-content/plugins/lekker-core/inc/shortcodes/image-marquee/image-marquee.php on line 158
[22-Feb-2021 20:40:51 UTC] PHP Notice:  Trying to access array offset on value of type bool in /www/kinsta/public/squ4d/wp-content/plugins/lekker-core/inc/shortcodes/image-marquee/image-marquee.php on line 159
[22-Feb-2021 20:40:51 UTC] PHP Notice:  Trying to access array offset on value of type bool in /www/kinsta/public/squ4d/wp-content/plugins/lekker-core/inc/shortcodes/image-marquee/image-marquee.php on line 152
[22-Feb-2021 20:40:51 UTC] PHP Notice:  Trying to access array offset on value of type bool in /www/kinsta/public/squ4d/wp-content/plugins/lekker-core/inc/shortcodes/image-marquee/image-marquee.php on line 155
[22-Feb-2021 20:40:51 UTC] PHP Notice:  Trying to access array offset on value of type bool in /www/kinsta/public/squ4d/wp-content/plugins/lekker-core/inc/shortcodes/image-marquee/image-marquee.php on line 156
[22-Feb-2021 20:40:51 UTC] PHP Notice:  Trying to access array offset on value of type bool in /www/kinsta/public/squ4d/wp-content/plugins/lekker-core/inc/shortcodes/image-marquee/image-marquee.php on line 152
[22-Feb-2021 20:40:51 UTC] PHP Notice:  Trying to access array offset on value of type bool in /www/kinsta/public/squ4d/wp-content/plugins/lekker-core/inc/shortcodes/image-marquee/image-marquee.php on line 155
[22-Feb-2021 20:40:51 UTC] PHP Notice:  Trying to access array offset on value of type bool in /www/kinsta/public/squ4d/wp-content/plugins/lekker-core/inc/shortcodes/image-marquee/image-marquee.php on line 156
[22-Feb-2021 21:17:33 UTC] PHP Notice:  Uninitialized string offset: 0 in /www/kinsta/public/squ4d/wp-content/plugins/lekker-core/inc/post-types/portfolio/shortcodes/portfolio-list/templates/post-info/image-switch.php on line 21
[22-Feb-2021 21:17:33 UTC] PHP Warning:  Illegal string offset 'qodef_portfolio_gallery' in /www/kinsta/public/squ4d/wp-content/plugins/lekker-core/inc/post-types/portfolio/shortcodes/portfolio-list/templates/post-info/image-switch.php on line 21
[22-Feb-2021 21:17:33 UTC] PHP Notice:  Uninitialized string offset: 0 in /www/kinsta/public/squ4d/wp-content/plugins/lekker-core/inc/post-types/portfolio/shortcodes/portfolio-list/templates/post-info/image-switch.php on line 21
[22-Feb-2021 21:17:33 UTC] PHP Notice:  Uninitialized string offset: 0 in /www/kinsta/public/squ4d/wp-content/plugins/lekker-core/inc/post-types/portfolio/shortcodes/portfolio-list/templates/post-info/image-switch.php on line 21
[22-Feb-2021 21:17:33 UTC] PHP Warning:  Illegal string offset 'qodef_portfolio_gallery' in /www/kinsta/public/squ4d/wp-content/plugins/lekker-core/inc/post-types/portfolio/shortcodes/portfolio-list/templates/post-info/image-switch.php on line 21
[22-Feb-2021 21:17:33 UTC] PHP Notice:  Uninitialized string offset: 0 in /www/kinsta/public/squ4d/wp-content/plugins/lekker-core/inc/post-types/portfolio/shortcodes/portfolio-list/templates/post-info/image-switch.php on line 21
[22-Feb-2021 21:17:33 UTC] PHP Notice:  Uninitialized string offset: 0 in /www/kinsta/public/squ4d/wp-content/plugins/lekker-core/inc/post-types/portfolio/shortcodes/portfolio-list/templates/post-info/image-switch.php on line 21
[22-Feb-2021 21:17:33 UTC] PHP Warning:  Illegal string offset 'qodef_portfolio_gallery' in /www/kinsta/public/squ4d/wp-content/plugins/lekker-core/inc/post-types/portfolio/shortcodes/portfolio-list/templates/post-info/image-switch.php on line 21
[22-Feb-2021 21:17:33 UTC] PHP Notice:  Uninitialized string offset: 0 in /www/kinsta/public/squ4d/wp-content/plugins/lekker-core/inc/post-types/portfolio/shortcodes/portfolio-list/templates/post-info/image-switch.php on line 21
[22-Feb-2021 21:17:33 UTC] PHP Notice:  Uninitialized string offset: 0 in /www/kinsta/public/squ4d/wp-content/plugins/lekker-core/inc/post-types/portfolio/shortcodes/portfolio-list/templates/post-info/image-switch.php on line 21
[22-Feb-2021 21:17:33 UTC] PHP Warning:  Illegal string offset 'qodef_portfolio_gallery' in /www/kinsta/public/squ4d/wp-content/plugins/lekker-core/inc/post-types/portfolio/shortcodes/portfolio-list/templates/post-info/image-switch.php on line 21
[22-Feb-2021 21:17:33 UTC] PHP Notice:  Uninitialized string offset: 0 in /www/kinsta/public/squ4d/wp-content/plugins/lekker-core/inc/post-types/portfolio/shortcodes/portfolio-list/templates/post-info/image-switch.php on line 21
[22-Feb-2021 21:17:33 UTC] PHP Notice:  Uninitialized string offset: 0 in /www/kinsta/public/squ4d/wp-content/plugins/lekker-core/inc/post-types/portfolio/shortcodes/portfolio-list/templates/post-info/image-switch.php on line 21
[22-Feb-2021 21:17:33 UTC] PHP Warning:  Illegal string offset 'qodef_portfolio_gallery' in /www/kinsta/public/squ4d/wp-content/plugins/lekker-core/inc/post-types/portfolio/shortcodes/portfolio-list/templates/post-info/image-switch.php on line 21
[22-Feb-2021 21:17:33 UTC] PHP Notice:  Uninitialized string offset: 0 in /www/kinsta/public/squ4d/wp-content/plugins/lekker-core/inc/post-types/portfolio/shortcodes/portfolio-list/templates/post-info/image-switch.php on line 21
[22-Feb-2021 21:17:33 UTC] PHP Notice:  Uninitialized string offset: 0 in /www/kinsta/public/squ4d/wp-content/plugins/lekker-core/inc/post-types/portfolio/shortcodes/portfolio-list/templates/post-info/image-switch.php on line 21
[22-Feb-2021 21:17:33 UTC] PHP Warning:  Illegal string offset 'qodef_portfolio_gallery' in /www/kinsta/public/squ4d/wp-content/plugins/lekker-core/inc/post-types/portfolio/shortcodes/portfolio-list/templates/post-info/image-switch.php on line 21
[22-Feb-2021 21:17:33 UTC] PHP Notice:  Uninitialized string offset: 0 in /www/kinsta/public/squ4d/wp-content/plugins/lekker-core/inc/post-types/portfolio/shortcodes/portfolio-list/templates/post-info/image-switch.php on line 21
[22-Feb-2021 21:17:33 UTC] PHP Notice:  Uninitialized string offset: 0 in /www/kinsta/public/squ4d/wp-content/plugins/lekker-core/inc/post-types/portfolio/shortcodes/portfolio-list/templates/post-info/image-switch.php on line 21
[22-Feb-2021 21:17:33 UTC] PHP Warning:  Illegal string offset 'qodef_portfolio_gallery' in /www/kinsta/public/squ4d/wp-content/plugins/lekker-core/inc/post-types/portfolio/shortcodes/portfolio-list/templates/post-info/image-switch.php on line 21
[22-Feb-2021 21:17:33 UTC] PHP Notice:  Uninitialized string offset: 0 in /www/kinsta/public/squ4d/wp-content/plugins/lekker-core/inc/post-types/portfolio/shortcodes/portfolio-list/templates/post-info/image-switch.php on line 21
[22-Feb-2021 21:17:33 UTC] PHP Notice:  Uninitialized string offset: 0 in /www/kinsta/public/squ4d/wp-content/plugins/lekker-core/inc/post-types/portfolio/shortcodes/portfolio-list/templates/post-info/image-switch.php on line 21
[22-Feb-2021 21:17:33 UTC] PHP Warning:  Illegal string offset 'qodef_portfolio_gallery' in /www/kinsta/public/squ4d/wp-content/plugins/lekker-core/inc/post-types/portfolio/shortcodes/portfolio-list/templates/post-info/image-switch.php on line 21
[22-Feb-2021 21:17:33 UTC] PHP Notice:  Uninitialized string offset: 0 in /www/kinsta/public/squ4d/wp-content/plugins/lekker-core/inc/post-types/portfolio/shortcodes/portfolio-list/templates/post-info/image-switch.php on line 21
[22-Feb-2021 21:17:33 UTC] PHP Notice:  Uninitialized string offset: 0 in /www/kinsta/public/squ4d/wp-content/plugins/lekker-core/inc/post-types/portfolio/shortcodes/portfolio-list/templates/post-info/image-switch.php on line 21
[22-Feb-2021 21:17:33 UTC] PHP Warning:  Illegal string offset 'qodef_portfolio_gallery' in /www/kinsta/public/squ4d/wp-content/plugins/lekker-core/inc/post-types/portfolio/shortcodes/portfolio-list/templates/post-info/image-switch.php on line 21
[22-Feb-2021 21:17:33 UTC] PHP Notice:  Uninitialized string offset: 0 in /www/kinsta/public/squ4d/wp-content/plugins/lekker-core/inc/post-types/portfolio/shortcodes/portfolio-list/templates/post-info/image-switch.php on line 21
[22-Feb-2021 21:17:33 UTC] PHP Notice:  Uninitialized string offset: 0 in /www/kinsta/public/squ4d/wp-content/plugins/lekker-core/inc/post-types/portfolio/shortcodes/portfolio-list/templates/post-info/image-switch.php on line 21
[22-Feb-2021 21:17:33 UTC] PHP Warning:  Illegal string offset 'qodef_portfolio_gallery' in /www/kinsta/public/squ4d/wp-content/plugins/lekker-core/inc/post-types/portfolio/shortcodes/portfolio-list/templates/post-info/image-switch.php on line 21
[22-Feb-2021 21:17:33 UTC] PHP Notice:  Uninitialized string offset: 0 in /www/kinsta/public/squ4d/wp-content/plugins/lekker-core/inc/post-types/portfolio/shortcodes/portfolio-list/templates/post-info/image-switch.php on line 21
[22-Feb-2021 21:17:33 UTC] PHP Notice:  Uninitialized string offset: 0 in /www/kinsta/public/squ4d/wp-content/plugins/lekker-core/inc/post-types/portfolio/shortcodes/portfolio-list/templates/post-info/image-switch.php on line 21
[22-Feb-2021 21:17:33 UTC] PHP Warning:  Illegal string offset 'qodef_portfolio_gallery' in /www/kinsta/public/squ4d/wp-content/plugins/lekker-core/inc/post-types/portfolio/shortcodes/portfolio-list/templates/post-info/image-switch.php on line 21
[22-Feb-2021 21:17:33 UTC] PHP Notice:  Uninitialized string offset: 0 in /www/kinsta/public/squ4d/wp-content/plugins/lekker-core/inc/post-types/portfolio/shortcodes/portfolio-list/templates/post-info/image-switch.php on line 21
[22-Feb-2021 21:17:33 UTC] PHP Notice:  Uninitialized string offset: 0 in /www/kinsta/public/squ4d/wp-content/plugins/lekker-core/inc/post-types/portfolio/shortcodes/portfolio-list/templates/post-info/image-switch.php on line 21
[22-Feb-2021 21:17:33 UTC] PHP Warning:  Illegal string offset 'qodef_portfolio_gallery' in /www/kinsta/public/squ4d/wp-content/plugins/lekker-core/inc/post-types/portfolio/shortcodes/portfolio-list/templates/post-info/image-switch.php on line 21
[22-Feb-2021 21:17:33 UTC] PHP Notice:  Uninitialized string offset: 0 in /www/kinsta/public/squ4d/wp-content/plugins/lekker-core/inc/post-types/portfolio/shortcodes/portfolio-list/templates/post-info/image-switch.php on line 21
[22-Feb-2021 21:17:33 UTC] PHP Notice:  Uninitialized string offset: 0 in /www/kinsta/public/squ4d/wp-content/plugins/lekker-core/inc/post-types/portfolio/shortcodes/portfolio-list/templates/post-info/image-switch.php on line 21
[22-Feb-2021 21:17:33 UTC] PHP Warning:  Illegal string offset 'qodef_portfolio_gallery' in /www/kinsta/public/squ4d/wp-content/plugins/lekker-core/inc/post-types/portfolio/shortcodes/portfolio-list/templates/post-info/image-switch.php on line 21
[22-Feb-2021 21:17:33 UTC] PHP Notice:  Uninitialized string offset: 0 in /www/kinsta/public/squ4d/wp-content/plugins/lekker-core/inc/post-types/portfolio/shortcodes/portfolio-list/templates/post-info/image-switch.php on line 21
[22-Feb-2021 21:17:33 UTC] PHP Notice:  Uninitialized string offset: 0 in /www/kinsta/public/squ4d/wp-content/plugins/lekker-core/inc/post-types/portfolio/shortcodes/portfolio-list/templates/post-info/image-switch.php on line 21
[22-Feb-2021 21:17:33 UTC] PHP Warning:  Illegal string offset 'qodef_portfolio_gallery' in /www/kinsta/public/squ4d/wp-content/plugins/lekker-core/inc/post-types/portfolio/shortcodes/portfolio-list/templates/post-info/image-switch.php on line 21
[22-Feb-2021 21:17:33 UTC] PHP Notice:  Uninitialized string offset: 0 in /www/kinsta/public/squ4d/wp-content/plugins/lekker-core/inc/post-types/portfolio/shortcodes/portfolio-list/templates/post-info/image-switch.php on line 21
[22-Feb-2021 21:17:33 UTC] PHP Notice:  Uninitialized string offset: 0 in /www/kinsta/public/squ4d/wp-content/plugins/lekker-core/inc/post-types/portfolio/shortcodes/portfolio-list/templates/post-info/image-switch.php on line 21
[22-Feb-2021 21:17:33 UTC] PHP Warning:  Illegal string offset 'qodef_portfolio_gallery' in /www/kinsta/public/squ4d/wp-content/plugins/lekker-core/inc/post-types/portfolio/shortcodes/portfolio-list/templates/post-info/image-switch.php on line 21
[22-Feb-2021 21:17:33 UTC] PHP Notice:  Uninitialized string offset: 0 in /www/kinsta/public/squ4d/wp-content/plugins/lekker-core/inc/post-types/portfolio/shortcodes/portfolio-list/templates/post-info/image-switch.php on line 21
[22-Feb-2021 21:17:33 UTC] PHP Notice:  Uninitialized string offset: 0 in /www/kinsta/public/squ4d/wp-content/plugins/lekker-core/inc/post-types/portfolio/shortcodes/portfolio-list/templates/post-info/image-switch.php on line 21
[22-Feb-2021 21:17:33 UTC] PHP Warning:  Illegal string offset 'qodef_portfolio_gallery' in /www/kinsta/public/squ4d/wp-content/plugins/lekker-core/inc/post-types/portfolio/shortcodes/portfolio-list/templates/post-info/image-switch.php on line 21
[22-Feb-2021 21:17:33 UTC] PHP Notice:  Uninitialized string offset: 0 in /www/kinsta/public/squ4d/wp-content/plugins/lekker-core/inc/post-types/portfolio/shortcodes/portfolio-list/templates/post-info/image-switch.php on line 21
[22-Feb-2021 21:17:33 UTC] PHP Notice:  Uninitialized string offset: 0 in /www/kinsta/public/squ4d/wp-content/plugins/lekker-core/inc/post-types/portfolio/shortcodes/portfolio-list/templates/post-info/image-switch.php on line 21
[22-Feb-2021 21:17:33 UTC] PHP Warning:  Illegal string offset 'qodef_portfolio_gallery' in /www/kinsta/public/squ4d/wp-content/plugins/lekker-core/inc/post-types/portfolio/shortcodes/portfolio-list/templates/post-info/image-switch.php on line 21
[22-Feb-2021 21:17:33 UTC] PHP Notice:  Uninitialized string offset: 0 in /www/kinsta/public/squ4d/wp-content/plugins/lekker-core/inc/post-types/portfolio/shortcodes/portfolio-list/templates/post-info/image-switch.php on line 21
[22-Feb-2021 21:17:33 UTC] PHP Notice:  Uninitialized string offset: 0 in /www/kinsta/public/squ4d/wp-content/plugins/lekker-core/inc/post-types/portfolio/shortcodes/portfolio-list/templates/post-info/image-switch.php on line 21
[22-Feb-2021 21:17:33 UTC] PHP Warning:  Illegal string offset 'qodef_portfolio_gallery' in /www/kinsta/public/squ4d/wp-content/plugins/lekker-core/inc/post-types/portfolio/shortcodes/portfolio-list/templates/post-info/image-switch.php on line 21
[22-Feb-2021 21:17:33 UTC] PHP Notice:  Uninitialized string offset: 0 in /www/kinsta/public/squ4d/wp-content/plugins/lekker-core/inc/post-types/portfolio/shortcodes/portfolio-list/templates/post-info/image-switch.php on line 21
[22-Feb-2021 21:17:33 UTC] PHP Notice:  Uninitialized string offset: 0 in /www/kinsta/public/squ4d/wp-content/plugins/lekker-core/inc/post-types/portfolio/shortcodes/portfolio-list/templates/post-info/image-switch.php on line 21
[22-Feb-2021 21:17:33 UTC] PHP Warning:  Illegal string offset 'qodef_portfolio_gallery' in /www/kinsta/public/squ4d/wp-content/plugins/lekker-core/inc/post-types/portfolio/shortcodes/portfolio-list/templates/post-info/image-switch.php on line 21
[22-Feb-2021 21:17:33 UTC] PHP Notice:  Uninitialized string offset: 0 in /www/kinsta/public/squ4d/wp-content/plugins/lekker-core/inc/post-types/portfolio/shortcodes/portfolio-list/templates/post-info/image-switch.php on line 21
[22-Feb-2021 21:17:34 UTC] PHP Notice:  Uninitialized string offset: 0 in /www/kinsta/public/squ4d/wp-content/plugins/lekker-core/inc/post-types/portfolio/shortcodes/portfolio-list/templates/post-info/image-switch.php on line 21
[22-Feb-2021 21:17:34 UTC] PHP Warning:  Illegal string offset 'qodef_portfolio_gallery' in /www/kinsta/public/squ4d/wp-content/plugins/lekker-core/inc/post-types/portfolio/shortcodes/portfolio-list/templates/post-info/image-switch.php on line 21
[22-Feb-2021 21:17:34 UTC] PHP Notice:  Uninitialized string offset: 0 in /www/kinsta/public/squ4d/wp-content/plugins/lekker-core/inc/post-types/portfolio/shortcodes/portfolio-list/templates/post-info/image-switch.php on line 21
[22-Feb-2021 21:17:34 UTC] PHP Notice:  Uninitialized string offset: 0 in /www/kinsta/public/squ4d/wp-content/plugins/lekker-core/inc/post-types/portfolio/shortcodes/portfolio-list/templates/post-info/image-switch.php on line 21
[22-Feb-2021 21:17:34 UTC] PHP Warning:  Illegal string offset 'qodef_portfolio_gallery' in /www/kinsta/public/squ4d/wp-content/plugins/lekker-core/inc/post-types/portfolio/shortcodes/portfolio-list/templates/post-info/image-switch.php on line 21
[22-Feb-2021 21:17:34 UTC] PHP Notice:  Uninitialized string offset: 0 in /www/kinsta/public/squ4d/wp-content/plugins/lekker-core/inc/post-types/portfolio/shortcodes/portfolio-list/templates/post-info/image-switch.php on line 21
[22-Feb-2021 21:17:34 UTC] PHP Notice:  Uninitialized string offset: 0 in /www/kinsta/public/squ4d/wp-content/plugins/lekker-core/inc/post-types/portfolio/shortcodes/portfolio-list/templates/post-info/image-switch.php on line 21
[22-Feb-2021 21:17:34 UTC] PHP Warning:  Illegal string offset 'qodef_portfolio_gallery' in /www/kinsta/public/squ4d/wp-content/plugins/lekker-core/inc/post-types/portfolio/shortcodes/portfolio-list/templates/post-info/image-switch.php on line 21
[22-Feb-2021 21:17:34 UTC] PHP Notice:  Uninitialized string offset: 0 in /www/kinsta/public/squ4d/wp-content/plugins/lekker-core/inc/post-types/portfolio/shortcodes/portfolio-list/templates/post-info/image-switch.php on line 21
[22-Feb-2021 21:17:34 UTC] PHP Notice:  Uninitialized string offset: 0 in /www/kinsta/public/squ4d/wp-content/plugins/lekker-core/inc/post-types/portfolio/shortcodes/portfolio-list/templates/post-info/image-switch.php on line 21
[22-Feb-2021 21:17:34 UTC] PHP Warning:  Illegal string offset 'qodef_portfolio_gallery' in /www/kinsta/public/squ4d/wp-content/plugins/lekker-core/inc/post-types/portfolio/shortcodes/portfolio-list/templates/post-info/image-switch.php on line 21
[22-Feb-2021 21:17:34 UTC] PHP Notice:  Uninitialized string offset: 0 in /www/kinsta/public/squ4d/wp-content/plugins/lekker-core/inc/post-types/portfolio/shortcodes/portfolio-list/templates/post-info/image-switch.php on line 21
[22-Feb-2021 21:17:34 UTC] PHP Notice:  Uninitialized string offset: 0 in /www/kinsta/public/squ4d/wp-content/plugins/lekker-core/inc/post-types/portfolio/shortcodes/portfolio-list/templates/post-info/image-switch.php on line 21
[22-Feb-2021 21:17:34 UTC] PHP Warning:  Illegal string offset 'qodef_portfolio_gallery' in /www/kinsta/public/squ4d/wp-content/plugins/lekker-core/inc/post-types/portfolio/shortcodes/portfolio-list/templates/post-info/image-switch.php on line 21
[22-Feb-2021 21:17:34 UTC] PHP Notice:  Uninitialized string offset: 0 in /www/kinsta/public/squ4d/wp-content/plugins/lekker-core/inc/post-types/portfolio/shortcodes/portfolio-list/templates/post-info/image-switch.php on line 21
[22-Feb-2021 21:17:34 UTC] PHP Notice:  Uninitialized string offset: 0 in /www/kinsta/public/squ4d/wp-content/plugins/lekker-core/inc/post-types/portfolio/shortcodes/portfolio-list/templates/post-info/image-switch.php on line 21
[22-Feb-2021 21:17:34 UTC] PHP Warning:  Illegal string offset 'qodef_portfolio_gallery' in /www/kinsta/public/squ4d/wp-content/plugins/lekker-core/inc/post-types/portfolio/shortcodes/portfolio-list/templates/post-info/image-switch.php on line 21
[22-Feb-2021 21:17:34 UTC] PHP Notice:  Uninitialized string offset: 0 in /www/kinsta/public/squ4d/wp-content/plugins/lekker-core/inc/post-types/portfolio/shortcodes/portfolio-list/templates/post-info/image-switch.php on line 21
[22-Feb-2021 21:17:34 UTC] PHP Notice:  Uninitialized string offset: 0 in /www/kinsta/public/squ4d/wp-content/plugins/lekker-core/inc/post-types/portfolio/shortcodes/portfolio-list/templates/post-info/image-switch.php on line 21
[22-Feb-2021 21:17:34 UTC] PHP Warning:  Illegal string offset 'qodef_portfolio_gallery' in /www/kinsta/public/squ4d/wp-content/plugins/lekker-core/inc/post-types/portfolio/shortcodes/portfolio-list/templates/post-info/image-switch.php on line 21
[22-Feb-2021 21:17:34 UTC] PHP Notice:  Uninitialized string offset: 0 in /www/kinsta/public/squ4d/wp-content/plugins/lekker-core/inc/post-types/portfolio/shortcodes/portfolio-list/templates/post-info/image-switch.php on line 21
[22-Feb-2021 21:17:34 UTC] PHP Notice:  Uninitialized string offset: 0 in /www/kinsta/public/squ4d/wp-content/plugins/lekker-core/inc/post-types/portfolio/shortcodes/portfolio-list/templates/post-info/image-switch.php on line 21
[22-Feb-2021 21:17:34 UTC] PHP Warning:  Illegal string offset 'qodef_portfolio_gallery' in /www/kinsta/public/squ4d/wp-content/plugins/lekker-core/inc/post-types/portfolio/shortcodes/portfolio-list/templates/post-info/image-switch.php on line 21
[22-Feb-2021 21:17:34 UTC] PHP Notice:  Uninitialized string offset: 0 in /www/kinsta/public/squ4d/wp-content/plugins/lekker-core/inc/post-types/portfolio/shortcodes/portfolio-list/templates/post-info/image-switch.php on line 21
[22-Feb-2021 21:17:34 UTC] PHP Notice:  Uninitialized string offset: 0 in /www/kinsta/public/squ4d/wp-content/plugins/lekker-core/inc/post-types/portfolio/shortcodes/portfolio-list/templates/post-info/image-switch.php on line 21
[22-Feb-2021 21:17:34 UTC] PHP Warning:  Illegal string offset 'qodef_portfolio_gallery' in /www/kinsta/public/squ4d/wp-content/plugins/lekker-core/inc/post-types/portfolio/shortcodes/portfolio-list/templates/post-info/image-switch.php on line 21
[22-Feb-2021 21:17:34 UTC] PHP Notice:  Uninitialized string offset: 0 in /www/kinsta/public/squ4d/wp-content/plugins/lekker-core/inc/post-types/portfolio/shortcodes/portfolio-list/templates/post-info/image-switch.php on line 21
[22-Feb-2021 21:17:34 UTC] PHP Notice:  Uninitialized string offset: 0 in /www/kinsta/public/squ4d/wp-content/plugins/lekker-core/inc/post-types/portfolio/shortcodes/portfolio-list/templates/post-info/image-switch.php on line 21
[22-Feb-2021 21:17:34 UTC] PHP Warning:  Illegal string offset 'qodef_portfolio_gallery' in /www/kinsta/public/squ4d/wp-content/plugins/lekker-core/inc/post-types/portfolio/shortcodes/portfolio-list/templates/post-info/image-switch.php on line 21
[22-Feb-2021 21:17:34 UTC] PHP Notice:  Uninitialized string offset: 0 in /www/kinsta/public/squ4d/wp-content/plugins/lekker-core/inc/post-types/portfolio/shortcodes/portfolio-list/templates/post-info/image-switch.php on line 21
[22-Feb-2021 21:21:47 UTC] PHP Notice:  Uninitialized string offset: 0 in /www/kinsta/public/squ4d/wp-content/plugins/lekker-core/inc/post-types/portfolio/shortcodes/portfolio-list/templates/post-info/image-switch.php on line 21
[22-Feb-2021 21:21:47 UTC] PHP Warning:  Illegal string offset 'qodef_portfolio_gallery' in /www/kinsta/public/squ4d/wp-content/plugins/lekker-core/inc/post-types/portfolio/shortcodes/portfolio-list/templates/post-info/image-switch.php on line 21
[22-Feb-2021 21:21:47 UTC] PHP Notice:  Uninitialized string offset: 0 in /www/kinsta/public/squ4d/wp-content/plugins/lekker-core/inc/post-types/portfolio/shortcodes/portfolio-list/templates/post-info/image-switch.php on line 21
[22-Feb-2021 21:21:47 UTC] PHP Notice:  Uninitialized string offset: 0 in /www/kinsta/public/squ4d/wp-content/plugins/lekker-core/inc/post-types/portfolio/shortcodes/portfolio-list/templates/post-info/image-switch.php on line 21
[22-Feb-2021 21:21:47 UTC] PHP Warning:  Illegal string offset 'qodef_portfolio_gallery' in /www/kinsta/public/squ4d/wp-content/plugins/lekker-core/inc/post-types/portfolio/shortcodes/portfolio-list/templates/post-info/image-switch.php on line 21
[22-Feb-2021 21:21:47 UTC] PHP Notice:  Uninitialized string offset: 0 in /www/kinsta/public/squ4d/wp-content/plugins/lekker-core/inc/post-types/portfolio/shortcodes/portfolio-list/templates/post-info/image-switch.php on line 21
[22-Feb-2021 21:21:48 UTC] PHP Notice:  Uninitialized string offset: 0 in /www/kinsta/public/squ4d/wp-content/plugins/lekker-core/inc/post-types/portfolio/shortcodes/portfolio-list/templates/post-info/image-switch.php on line 21
[22-Feb-2021 21:21:48 UTC] PHP Warning:  Illegal string offset 'qodef_portfolio_gallery' in /www/kinsta/public/squ4d/wp-content/plugins/lekker-core/inc/post-types/portfolio/shortcodes/portfolio-list/templates/post-info/image-switch.php on line 21
[22-Feb-2021 21:21:48 UTC] PHP Notice:  Uninitialized string offset: 0 in /www/kinsta/public/squ4d/wp-content/plugins/lekker-core/inc/post-types/portfolio/shortcodes/portfolio-list/templates/post-info/image-switch.php on line 21
[22-Feb-2021 21:21:48 UTC] PHP Notice:  Uninitialized string offset: 0 in /www/kinsta/public/squ4d/wp-content/plugins/lekker-core/inc/post-types/portfolio/shortcodes/portfolio-list/templates/post-info/image-switch.php on line 21
[22-Feb-2021 21:21:48 UTC] PHP Warning:  Illegal string offset 'qodef_portfolio_gallery' in /www/kinsta/public/squ4d/wp-content/plugins/lekker-core/inc/post-types/portfolio/shortcodes/portfolio-list/templates/post-info/image-switch.php on line 21
[22-Feb-2021 21:21:48 UTC] PHP Notice:  Uninitialized string offset: 0 in /www/kinsta/public/squ4d/wp-content/plugins/lekker-core/inc/post-types/portfolio/shortcodes/portfolio-list/templates/post-info/image-switch.php on line 21
[22-Feb-2021 21:21:48 UTC] PHP Notice:  Uninitialized string offset: 0 in /www/kinsta/public/squ4d/wp-content/plugins/lekker-core/inc/post-types/portfolio/shortcodes/portfolio-list/templates/post-info/image-switch.php on line 21
[22-Feb-2021 21:21:48 UTC] PHP Warning:  Illegal string offset 'qodef_portfolio_gallery' in /www/kinsta/public/squ4d/wp-content/plugins/lekker-core/inc/post-types/portfolio/shortcodes/portfolio-list/templates/post-info/image-switch.php on line 21
[22-Feb-2021 21:21:48 UTC] PHP Notice:  Uninitialized string offset: 0 in /www/kinsta/public/squ4d/wp-content/plugins/lekker-core/inc/post-types/portfolio/shortcodes/portfolio-list/templates/post-info/image-switch.php on line 21
[22-Feb-2021 21:21:48 UTC] PHP Notice:  Uninitialized string offset: 0 in /www/kinsta/public/squ4d/wp-content/plugins/lekker-core/inc/post-types/portfolio/shortcodes/portfolio-list/templates/post-info/image-switch.php on line 21
[22-Feb-2021 21:21:48 UTC] PHP Warning:  Illegal string offset 'qodef_portfolio_gallery' in /www/kinsta/public/squ4d/wp-content/plugins/lekker-core/inc/post-types/portfolio/shortcodes/portfolio-list/templates/post-info/image-switch.php on line 21
[22-Feb-2021 21:21:48 UTC] PHP Notice:  Uninitialized string offset: 0 in /www/kinsta/public/squ4d/wp-content/plugins/lekker-core/inc/post-types/portfolio/shortcodes/portfolio-list/templates/post-info/image-switch.php on line 21
[22-Feb-2021 21:21:48 UTC] PHP Notice:  Uninitialized string offset: 0 in /www/kinsta/public/squ4d/wp-content/plugins/lekker-core/inc/post-types/portfolio/shortcodes/portfolio-list/templates/post-info/image-switch.php on line 21
[22-Feb-2021 21:21:48 UTC] PHP Warning:  Illegal string offset 'qodef_portfolio_gallery' in /www/kinsta/public/squ4d/wp-content/plugins/lekker-core/inc/post-types/portfolio/shortcodes/portfolio-list/templates/post-info/image-switch.php on line 21
[22-Feb-2021 21:21:48 UTC] PHP Notice:  Uninitialized string offset: 0 in /www/kinsta/public/squ4d/wp-content/plugins/lekker-core/inc/post-types/portfolio/shortcodes/portfolio-list/templates/post-info/image-switch.php on line 21
[22-Feb-2021 21:21:48 UTC] PHP Notice:  Uninitialized string offset: 0 in /www/kinsta/public/squ4d/wp-content/plugins/lekker-core/inc/post-types/portfolio/shortcodes/portfolio-list/templates/post-info/image-switch.php on line 21
[22-Feb-2021 21:21:48 UTC] PHP Warning:  Illegal string offset 'qodef_portfolio_gallery' in /www/kinsta/public/squ4d/wp-content/plugins/lekker-core/inc/post-types/portfolio/shortcodes/portfolio-list/templates/post-info/image-switch.php on line 21
[22-Feb-2021 21:21:48 UTC] PHP Notice:  Uninitialized string offset: 0 in /www/kinsta/public/squ4d/wp-content/plugins/lekker-core/inc/post-types/portfolio/shortcodes/portfolio-list/templates/post-info/image-switch.php on line 21
[22-Feb-2021 21:21:48 UTC] PHP Notice:  Uninitialized string offset: 0 in /www/kinsta/public/squ4d/wp-content/plugins/lekker-core/inc/post-types/portfolio/shortcodes/portfolio-list/templates/post-info/image-switch.php on line 21
[22-Feb-2021 21:21:48 UTC] PHP Warning:  Illegal string offset 'qodef_portfolio_gallery' in /www/kinsta/public/squ4d/wp-content/plugins/lekker-core/inc/post-types/portfolio/shortcodes/portfolio-list/templates/post-info/image-switch.php on line 21
[22-Feb-2021 21:21:48 UTC] PHP Notice:  Uninitialized string offset: 0 in /www/kinsta/public/squ4d/wp-content/plugins/lekker-core/inc/post-types/portfolio/shortcodes/portfolio-list/templates/post-info/image-switch.php on line 21
[22-Feb-2021 21:21:48 UTC] PHP Notice:  Uninitialized string offset: 0 in /www/kinsta/public/squ4d/wp-content/plugins/lekker-core/inc/post-types/portfolio/shortcodes/portfolio-list/templates/post-info/image-switch.php on line 21
[22-Feb-2021 21:21:48 UTC] PHP Warning:  Illegal string offset 'qodef_portfolio_gallery' in /www/kinsta/public/squ4d/wp-content/plugins/lekker-core/inc/post-types/portfolio/shortcodes/portfolio-list/templates/post-info/image-switch.php on line 21
[22-Feb-2021 21:21:48 UTC] PHP Notice:  Uninitialized string offset: 0 in /www/kinsta/public/squ4d/wp-content/plugins/lekker-core/inc/post-types/portfolio/shortcodes/portfolio-list/templates/post-info/image-switch.php on line 21
[22-Feb-2021 21:21:48 UTC] PHP Notice:  Uninitialized string offset: 0 in /www/kinsta/public/squ4d/wp-content/plugins/lekker-core/inc/post-types/portfolio/shortcodes/portfolio-list/templates/post-info/image-switch.php on line 21
[22-Feb-2021 21:21:48 UTC] PHP Warning:  Illegal string offset 'qodef_portfolio_gallery' in /www/kinsta/public/squ4d/wp-content/plugins/lekker-core/inc/post-types/portfolio/shortcodes/portfolio-list/templates/post-info/image-switch.php on line 21
[22-Feb-2021 21:21:48 UTC] PHP Notice:  Uninitialized string offset: 0 in /www/kinsta/public/squ4d/wp-content/plugins/lekker-core/inc/post-types/portfolio/shortcodes/portfolio-list/templates/post-info/image-switch.php on line 21
[22-Feb-2021 21:21:48 UTC] PHP Notice:  Uninitialized string offset: 0 in /www/kinsta/public/squ4d/wp-content/plugins/lekker-core/inc/post-types/portfolio/shortcodes/portfolio-list/templates/post-info/image-switch.php on line 21
[22-Feb-2021 21:21:48 UTC] PHP Warning:  Illegal string offset 'qodef_portfolio_gallery' in /www/kinsta/public/squ4d/wp-content/plugins/lekker-core/inc/post-types/portfolio/shortcodes/portfolio-list/templates/post-info/image-switch.php on line 21
[22-Feb-2021 21:21:48 UTC] PHP Notice:  Uninitialized string offset: 0 in /www/kinsta/public/squ4d/wp-content/plugins/lekker-core/inc/post-types/portfolio/shortcodes/portfolio-list/templates/post-info/image-switch.php on line 21
[22-Feb-2021 21:21:48 UTC] PHP Notice:  Uninitialized string offset: 0 in /www/kinsta/public/squ4d/wp-content/plugins/lekker-core/inc/post-types/portfolio/shortcodes/portfolio-list/templates/post-info/image-switch.php on line 21
[22-Feb-2021 21:21:48 UTC] PHP Warning:  Illegal string offset 'qodef_portfolio_gallery' in /www/kinsta/public/squ4d/wp-content/plugins/lekker-core/inc/post-types/portfolio/shortcodes/portfolio-list/templates/post-info/image-switch.php on line 21
[22-Feb-2021 21:21:48 UTC] PHP Notice:  Uninitialized string offset: 0 in /www/kinsta/public/squ4d/wp-content/plugins/lekker-core/inc/post-types/portfolio/shortcodes/portfolio-list/templates/post-info/image-switch.php on line 21
[22-Feb-2021 21:21:48 UTC] PHP Notice:  Uninitialized string offset: 0 in /www/kinsta/public/squ4d/wp-content/plugins/lekker-core/inc/post-types/portfolio/shortcodes/portfolio-list/templates/post-info/image-switch.php on line 21
[22-Feb-2021 21:21:48 UTC] PHP Warning:  Illegal string offset 'qodef_portfolio_gallery' in /www/kinsta/public/squ4d/wp-content/plugins/lekker-core/inc/post-types/portfolio/shortcodes/portfolio-list/templates/post-info/image-switch.php on line 21
[22-Feb-2021 21:21:48 UTC] PHP Notice:  Uninitialized string offset: 0 in /www/kinsta/public/squ4d/wp-content/plugins/lekker-core/inc/post-types/portfolio/shortcodes/portfolio-list/templates/post-info/image-switch.php on line 21
[22-Feb-2021 21:21:48 UTC] PHP Notice:  Uninitialized string offset: 0 in /www/kinsta/public/squ4d/wp-content/plugins/lekker-core/inc/post-types/portfolio/shortcodes/portfolio-list/templates/post-info/image-switch.php on line 21
[22-Feb-2021 21:21:48 UTC] PHP Warning:  Illegal string offset 'qodef_portfolio_gallery' in /www/kinsta/public/squ4d/wp-content/plugins/lekker-core/inc/post-types/portfolio/shortcodes/portfolio-list/templates/post-info/image-switch.php on line 21
[22-Feb-2021 21:21:48 UTC] PHP Notice:  Uninitialized string offset: 0 in /www/kinsta/public/squ4d/wp-content/plugins/lekker-core/inc/post-types/portfolio/shortcodes/portfolio-list/templates/post-info/image-switch.php on line 21
[22-Feb-2021 21:21:48 UTC] PHP Notice:  Uninitialized string offset: 0 in /www/kinsta/public/squ4d/wp-content/plugins/lekker-core/inc/post-types/portfolio/shortcodes/portfolio-list/templates/post-info/image-switch.php on line 21
[22-Feb-2021 21:21:48 UTC] PHP Warning:  Illegal string offset 'qodef_portfolio_gallery' in /www/kinsta/public/squ4d/wp-content/plugins/lekker-core/inc/post-types/portfolio/shortcodes/portfolio-list/templates/post-info/image-switch.php on line 21
[22-Feb-2021 21:21:48 UTC] PHP Notice:  Uninitialized string offset: 0 in /www/kinsta/public/squ4d/wp-content/plugins/lekker-core/inc/post-types/portfolio/shortcodes/portfolio-list/templates/post-info/image-switch.php on line 21
[22-Feb-2021 21:21:48 UTC] PHP Notice:  Uninitialized string offset: 0 in /www/kinsta/public/squ4d/wp-content/plugins/lekker-core/inc/post-types/portfolio/shortcodes/portfolio-list/templates/post-info/image-switch.php on line 21
[22-Feb-2021 21:21:48 UTC] PHP Warning:  Illegal string offset 'qodef_portfolio_gallery' in /www/kinsta/public/squ4d/wp-content/plugins/lekker-core/inc/post-types/portfolio/shortcodes/portfolio-list/templates/post-info/image-switch.php on line 21
[22-Feb-2021 21:21:48 UTC] PHP Notice:  Uninitialized string offset: 0 in /www/kinsta/public/squ4d/wp-content/plugins/lekker-core/inc/post-types/portfolio/shortcodes/portfolio-list/templates/post-info/image-switch.php on line 21
[22-Feb-2021 21:21:48 UTC] PHP Notice:  Uninitialized string offset: 0 in /www/kinsta/public/squ4d/wp-content/plugins/lekker-core/inc/post-types/portfolio/shortcodes/portfolio-list/templates/post-info/image-switch.php on line 21
[22-Feb-2021 21:21:48 UTC] PHP Warning:  Illegal string offset 'qodef_portfolio_gallery' in /www/kinsta/public/squ4d/wp-content/plugins/lekker-core/inc/post-types/portfolio/shortcodes/portfolio-list/templates/post-info/image-switch.php on line 21
[22-Feb-2021 21:21:48 UTC] PHP Notice:  Uninitialized string offset: 0 in /www/kinsta/public/squ4d/wp-content/plugins/lekker-core/inc/post-types/portfolio/shortcodes/portfolio-list/templates/post-info/image-switch.php on line 21
[22-Feb-2021 21:21:48 UTC] PHP Notice:  Uninitialized string offset: 0 in /www/kinsta/public/squ4d/wp-content/plugins/lekker-core/inc/post-types/portfolio/shortcodes/portfolio-list/templates/post-info/image-switch.php on line 21
[22-Feb-2021 21:21:48 UTC] PHP Warning:  Illegal string offset 'qodef_portfolio_gallery' in /www/kinsta/public/squ4d/wp-content/plugins/lekker-core/inc/post-types/portfolio/shortcodes/portfolio-list/templates/post-info/image-switch.php on line 21
[22-Feb-2021 21:21:48 UTC] PHP Notice:  Uninitialized string offset: 0 in /www/kinsta/public/squ4d/wp-content/plugins/lekker-core/inc/post-types/portfolio/shortcodes/portfolio-list/templates/post-info/image-switch.php on line 21
[22-Feb-2021 21:21:48 UTC] PHP Notice:  Uninitialized string offset: 0 in /www/kinsta/public/squ4d/wp-content/plugins/lekker-core/inc/post-types/portfolio/shortcodes/portfolio-list/templates/post-info/image-switch.php on line 21
[22-Feb-2021 21:21:48 UTC] PHP Warning:  Illegal string offset 'qodef_portfolio_gallery' in /www/kinsta/public/squ4d/wp-content/plugins/lekker-core/inc/post-types/portfolio/shortcodes/portfolio-list/templates/post-info/image-switch.php on line 21
[22-Feb-2021 21:21:48 UTC] PHP Notice:  Uninitialized string offset: 0 in /www/kinsta/public/squ4d/wp-content/plugins/lekker-core/inc/post-types/portfolio/shortcodes/portfolio-list/templates/post-info/image-switch.php on line 21
[22-Feb-2021 21:21:48 UTC] PHP Notice:  Uninitialized string offset: 0 in /www/kinsta/public/squ4d/wp-content/plugins/lekker-core/inc/post-types/portfolio/shortcodes/portfolio-list/templates/post-info/image-switch.php on line 21
[22-Feb-2021 21:21:48 UTC] PHP Warning:  Illegal string offset 'qodef_portfolio_gallery' in /www/kinsta/public/squ4d/wp-content/plugins/lekker-core/inc/post-types/portfolio/shortcodes/portfolio-list/templates/post-info/image-switch.php on line 21
[22-Feb-2021 21:21:48 UTC] PHP Notice:  Uninitialized string offset: 0 in /www/kinsta/public/squ4d/wp-content/plugins/lekker-core/inc/post-types/portfolio/shortcodes/portfolio-list/templates/post-info/image-switch.php on line 21
[22-Feb-2021 21:21:48 UTC] PHP Notice:  Uninitialized string offset: 0 in /www/kinsta/public/squ4d/wp-content/plugins/lekker-core/inc/post-types/portfolio/shortcodes/portfolio-list/templates/post-info/image-switch.php on line 21
[22-Feb-2021 21:21:48 UTC] PHP Warning:  Illegal string offset 'qodef_portfolio_gallery' in /www/kinsta/public/squ4d/wp-content/plugins/lekker-core/inc/post-types/portfolio/shortcodes/portfolio-list/templates/post-info/image-switch.php on line 21
[22-Feb-2021 21:21:48 UTC] PHP Notice:  Uninitialized string offset: 0 in /www/kinsta/public/squ4d/wp-content/plugins/lekker-core/inc/post-types/portfolio/shortcodes/portfolio-list/templates/post-info/image-switch.php on line 21
[22-Feb-2021 21:21:48 UTC] PHP Notice:  Uninitialized string offset: 0 in /www/kinsta/public/squ4d/wp-content/plugins/lekker-core/inc/post-types/portfolio/shortcodes/portfolio-list/templates/post-info/image-switch.php on line 21
[22-Feb-2021 21:21:48 UTC] PHP Warning:  Illegal string offset 'qodef_portfolio_gallery' in /www/kinsta/public/squ4d/wp-content/plugins/lekker-core/inc/post-types/portfolio/shortcodes/portfolio-list/templates/post-info/image-switch.php on line 21
[22-Feb-2021 21:21:48 UTC] PHP Notice:  Uninitialized string offset: 0 in /www/kinsta/public/squ4d/wp-content/plugins/lekker-core/inc/post-types/portfolio/shortcodes/portfolio-list/templates/post-info/image-switch.php on line 21
[22-Feb-2021 21:21:48 UTC] PHP Notice:  Uninitialized string offset: 0 in /www/kinsta/public/squ4d/wp-content/plugins/lekker-core/inc/post-types/portfolio/shortcodes/portfolio-list/templates/post-info/image-switch.php on line 21
[22-Feb-2021 21:21:48 UTC] PHP Warning:  Illegal string offset 'qodef_portfolio_gallery' in /www/kinsta/public/squ4d/wp-content/plugins/lekker-core/inc/post-types/portfolio/shortcodes/portfolio-list/templates/post-info/image-switch.php on line 21
[22-Feb-2021 21:21:48 UTC] PHP Notice:  Uninitialized string offset: 0 in /www/kinsta/public/squ4d/wp-content/plugins/lekker-core/inc/post-types/portfolio/shortcodes/portfolio-list/templates/post-info/image-switch.php on line 21
[22-Feb-2021 21:21:48 UTC] PHP Notice:  Uninitialized string offset: 0 in /www/kinsta/public/squ4d/wp-content/plugins/lekker-core/inc/post-types/portfolio/shortcodes/portfolio-list/templates/post-info/image-switch.php on line 21
[22-Feb-2021 21:21:48 UTC] PHP Warning:  Illegal string offset 'qodef_portfolio_gallery' in /www/kinsta/public/squ4d/wp-content/plugins/lekker-core/inc/post-types/portfolio/shortcodes/portfolio-list/templates/post-info/image-switch.php on line 21
[22-Feb-2021 21:21:48 UTC] PHP Notice:  Uninitialized string offset: 0 in /www/kinsta/public/squ4d/wp-content/plugins/lekker-core/inc/post-types/portfolio/shortcodes/portfolio-list/templates/post-info/image-switch.php on line 21
[22-Feb-2021 21:21:48 UTC] PHP Notice:  Uninitialized string offset: 0 in /www/kinsta/public/squ4d/wp-content/plugins/lekker-core/inc/post-types/portfolio/shortcodes/portfolio-list/templates/post-info/image-switch.php on line 21
[22-Feb-2021 21:21:48 UTC] PHP Warning:  Illegal string offset 'qodef_portfolio_gallery' in /www/kinsta/public/squ4d/wp-content/plugins/lekker-core/inc/post-types/portfolio/shortcodes/portfolio-list/templates/post-info/image-switch.php on line 21
[22-Feb-2021 21:21:48 UTC] PHP Notice:  Uninitialized string offset: 0 in /www/kinsta/public/squ4d/wp-content/plugins/lekker-core/inc/post-types/portfolio/shortcodes/portfolio-list/templates/post-info/image-switch.php on line 21
[22-Feb-2021 21:21:48 UTC] PHP Notice:  Uninitialized string offset: 0 in /www/kinsta/public/squ4d/wp-content/plugins/lekker-core/inc/post-types/portfolio/shortcodes/portfolio-list/templates/post-info/image-switch.php on line 21
[22-Feb-2021 21:21:48 UTC] PHP Warning:  Illegal string offset 'qodef_portfolio_gallery' in /www/kinsta/public/squ4d/wp-content/plugins/lekker-core/inc/post-types/portfolio/shortcodes/portfolio-list/templates/post-info/image-switch.php on line 21
[22-Feb-2021 21:21:48 UTC] PHP Notice:  Uninitialized string offset: 0 in /www/kinsta/public/squ4d/wp-content/plugins/lekker-core/inc/post-types/portfolio/shortcodes/portfolio-list/templates/post-info/image-switch.php on line 21
[22-Feb-2021 21:21:48 UTC] PHP Notice:  Uninitialized string offset: 0 in /www/kinsta/public/squ4d/wp-content/plugins/lekker-core/inc/post-types/portfolio/shortcodes/portfolio-list/templates/post-info/image-switch.php on line 21
[22-Feb-2021 21:21:48 UTC] PHP Warning:  Illegal string offset 'qodef_portfolio_gallery' in /www/kinsta/public/squ4d/wp-content/plugins/lekker-core/inc/post-types/portfolio/shortcodes/portfolio-list/templates/post-info/image-switch.php on line 21
[22-Feb-2021 21:21:48 UTC] PHP Notice:  Uninitialized string offset: 0 in /www/kinsta/public/squ4d/wp-content/plugins/lekker-core/inc/post-types/portfolio/shortcodes/portfolio-list/templates/post-info/image-switch.php on line 21
[22-Feb-2021 21:21:48 UTC] PHP Notice:  Uninitialized string offset: 0 in /www/kinsta/public/squ4d/wp-content/plugins/lekker-core/inc/post-types/portfolio/shortcodes/portfolio-list/templates/post-info/image-switch.php on line 21
[22-Feb-2021 21:21:48 UTC] PHP Warning:  Illegal string offset 'qodef_portfolio_gallery' in /www/kinsta/public/squ4d/wp-content/plugins/lekker-core/inc/post-types/portfolio/shortcodes/portfolio-list/templates/post-info/image-switch.php on line 21
[22-Feb-2021 21:21:48 UTC] PHP Notice:  Uninitialized string offset: 0 in /www/kinsta/public/squ4d/wp-content/plugins/lekker-core/inc/post-types/portfolio/shortcodes/portfolio-list/templates/post-info/image-switch.php on line 21
[22-Feb-2021 21:23:20 UTC] PHP Notice:  Undefined index: dirname in /www/kinsta/public/squ4d/wp-content/plugins/qode-framework/helpers/image-helper.php on line 113
[22-Feb-2021 21:23:20 UTC] PHP Notice:  Undefined index: extension in /www/kinsta/public/squ4d/wp-content/plugins/qode-framework/helpers/image-helper.php on line 113
[22-Feb-2021 23:02:50 UTC] PHP Notice:  Undefined index: data in /www/kinsta/public/squ4d/wp-content/plugins/elementor/core/common/modules/ajax/module.php on line 171
[22-Feb-2021 23:36:11 UTC] PHP Notice:  Undefined property: stdClass::$plugin in /www/kinsta/public/squ4d/wp-includes/class-wp-list-util.php on line 159
[22-Feb-2021 23:36:11 UTC] PHP Notice:  Undefined property: stdClass::$plugin in /www/kinsta/public/squ4d/wp-includes/class-wp-list-util.php on line 159
[22-Feb-2021 23:36:57 UTC] PHP Notice:  Undefined property: stdClass::$plugin in /www/kinsta/public/squ4d/wp-includes/class-wp-list-util.php on line 159
[22-Feb-2021 23:36:57 UTC] PHP Notice:  Undefined property: stdClass::$plugin in /www/kinsta/public/squ4d/wp-includes/class-wp-list-util.php on line 159
[22-Feb-2021 23:37:40 UTC] PHP Warning:  simplexml_load_file(): /www/kinsta/public/squ4d/wp-content/uploads/2021/02/squ4d-logo-site-dark.svg:21: namespace warning : xmlns: URI &amp;ns_sfw; is not absolute in /www/kinsta/public/squ4d/wp-content/plugins/svg-support/functions/attachment.php on line 40
[22-Feb-2021 23:37:40 UTC] PHP Warning:  simplexml_load_file(): 	&lt;sfw  xmlns=&quot;&amp;ns_sfw;&quot;&gt; in /www/kinsta/public/squ4d/wp-content/plugins/svg-support/functions/attachment.php on line 40
[22-Feb-2021 23:37:40 UTC] PHP Warning:  simplexml_load_file(): 	                      ^ in /www/kinsta/public/squ4d/wp-content/plugins/svg-support/functions/attachment.php on line 40
[22-Feb-2021 23:37:40 UTC] PHP Warning:  SimpleXMLElement::__construct(): namespace warning : xmlns: URI &amp;ns_sfw; is not absolute in /www/kinsta/public/squ4d/wp-content/plugins/elementor/core/files/assets/svg/svg-handler.php on line 599
[22-Feb-2021 23:37:40 UTC] PHP Warning:  SimpleXMLElement::__construct(): 	&lt;sfw  xmlns=&quot;&amp;ns_sfw;&quot;&gt; in /www/kinsta/public/squ4d/wp-content/plugins/elementor/core/files/assets/svg/svg-handler.php on line 599
[22-Feb-2021 23:37:40 UTC] PHP Warning:  SimpleXMLElement::__construct(): 	                      ^ in /www/kinsta/public/squ4d/wp-content/plugins/elementor/core/files/assets/svg/svg-handler.php on line 599
[22-Feb-2021 23:37:40 UTC] PHP Warning:  SimpleXMLElement::__construct(): namespace warning : xmlns: URI &amp;ns_sfw; is not absolute in /www/kinsta/public/squ4d/wp-content/plugins/elementor/core/files/assets/svg/svg-handler.php on line 599
[22-Feb-2021 23:37:40 UTC] PHP Warning:  SimpleXMLElement::__construct(): 	&lt;sfw  xmlns=&quot;&amp;ns_sfw;&quot;&gt; in /www/kinsta/public/squ4d/wp-content/plugins/elementor/core/files/assets/svg/svg-handler.php on line 599
[22-Feb-2021 23:37:40 UTC] PHP Warning:  SimpleXMLElement::__construct(): 	                      ^ in /www/kinsta/public/squ4d/wp-content/plugins/elementor/core/files/assets/svg/svg-handler.php on line 599
[22-Feb-2021 23:37:41 UTC] PHP Warning:  simplexml_load_file(): /www/kinsta/public/squ4d/wp-content/uploads/2021/02/squ4d-logo-site-light.svg:22: namespace warning : xmlns: URI &amp;ns_sfw; is not absolute in /www/kinsta/public/squ4d/wp-content/plugins/svg-support/functions/attachment.php on line 40
[22-Feb-2021 23:37:41 UTC] PHP Warning:  simplexml_load_file(): 	&lt;sfw  xmlns=&quot;&amp;ns_sfw;&quot;&gt; in /www/kinsta/public/squ4d/wp-content/plugins/svg-support/functions/attachment.php on line 40
[22-Feb-2021 23:37:41 UTC] PHP Warning:  simplexml_load_file(): 	                      ^ in /www/kinsta/public/squ4d/wp-content/plugins/svg-support/functions/attachment.php on line 40
[22-Feb-2021 23:37:41 UTC] PHP Warning:  SimpleXMLElement::__construct(): namespace warning : xmlns: URI &amp;ns_sfw; is not absolute in /www/kinsta/public/squ4d/wp-content/plugins/elementor/core/files/assets/svg/svg-handler.php on line 599
[22-Feb-2021 23:37:41 UTC] PHP Warning:  SimpleXMLElement::__construct(): 	&lt;sfw  xmlns=&quot;&amp;ns_sfw;&quot;&gt; in /www/kinsta/public/squ4d/wp-content/plugins/elementor/core/files/assets/svg/svg-handler.php on line 599
[22-Feb-2021 23:37:41 UTC] PHP Warning:  SimpleXMLElement::__construct(): 	                      ^ in /www/kinsta/public/squ4d/wp-content/plugins/elementor/core/files/assets/svg/svg-handler.php on line 599
[22-Feb-2021 23:37:41 UTC] PHP Warning:  SimpleXMLElement::__construct(): namespace warning : xmlns: URI &amp;ns_sfw; is not absolute in /www/kinsta/public/squ4d/wp-content/plugins/elementor/core/files/assets/svg/svg-handler.php on line 599
[22-Feb-2021 23:37:41 UTC] PHP Warning:  SimpleXMLElement::__construct(): 	&lt;sfw  xmlns=&quot;&amp;ns_sfw;&quot;&gt; in /www/kinsta/public/squ4d/wp-content/plugins/elementor/core/files/assets/svg/svg-handler.php on line 599
[22-Feb-2021 23:37:41 UTC] PHP Warning:  SimpleXMLElement::__construct(): 	                      ^ in /www/kinsta/public/squ4d/wp-content/plugins/elementor/core/files/assets/svg/svg-handler.php on line 599
[22-Feb-2021 23:37:54 UTC] PHP Warning:  SimpleXMLElement::__construct(): namespace warning : xmlns: URI &amp;ns_sfw; is not absolute in /www/kinsta/public/squ4d/wp-content/plugins/elementor/core/files/assets/svg/svg-handler.php on line 599
[22-Feb-2021 23:37:54 UTC] PHP Warning:  SimpleXMLElement::__construct(): 	&lt;sfw  xmlns=&quot;&amp;ns_sfw;&quot;&gt; in /www/kinsta/public/squ4d/wp-content/plugins/elementor/core/files/assets/svg/svg-handler.php on line 599
[22-Feb-2021 23:37:54 UTC] PHP Warning:  SimpleXMLElement::__construct(): 	                      ^ in /www/kinsta/public/squ4d/wp-content/plugins/elementor/core/files/assets/svg/svg-handler.php on line 599
[22-Feb-2021 23:37:54 UTC] PHP Warning:  SimpleXMLElement::__construct(): namespace warning : xmlns: URI &amp;ns_sfw; is not absolute in /www/kinsta/public/squ4d/wp-content/plugins/elementor/core/files/assets/svg/svg-handler.php on line 599
[22-Feb-2021 23:37:54 UTC] PHP Warning:  SimpleXMLElement::__construct(): 	&lt;sfw  xmlns=&quot;&amp;ns_sfw;&quot;&gt; in /www/kinsta/public/squ4d/wp-content/plugins/elementor/core/files/assets/svg/svg-handler.php on line 599
[22-Feb-2021 23:37:54 UTC] PHP Warning:  SimpleXMLElement::__construct(): 	                      ^ in /www/kinsta/public/squ4d/wp-content/plugins/elementor/core/files/assets/svg/svg-handler.php on line 599
[22-Feb-2021 23:37:54 UTC] PHP Warning:  SimpleXMLElement::__construct(): namespace warning : xmlns: URI &amp;ns_sfw; is not absolute in /www/kinsta/public/squ4d/wp-content/plugins/elementor/core/files/assets/svg/svg-handler.php on line 599
[22-Feb-2021 23:37:54 UTC] PHP Warning:  SimpleXMLElement::__construct(): 	&lt;sfw  xmlns=&quot;&amp;ns_sfw;&quot;&gt; in /www/kinsta/public/squ4d/wp-content/plugins/elementor/core/files/assets/svg/svg-handler.php on line 599
[22-Feb-2021 23:37:54 UTC] PHP Warning:  SimpleXMLElement::__construct(): 	                      ^ in /www/kinsta/public/squ4d/wp-content/plugins/elementor/core/files/assets/svg/svg-handler.php on line 599
[22-Feb-2021 23:37:54 UTC] PHP Warning:  SimpleXMLElement::__construct(): namespace warning : xmlns: URI &amp;ns_sfw; is not absolute in /www/kinsta/public/squ4d/wp-content/plugins/elementor/core/files/assets/svg/svg-handler.php on line 599
[22-Feb-2021 23:37:54 UTC] PHP Warning:  SimpleXMLElement::__construct(): 	&lt;sfw  xmlns=&quot;&amp;ns_sfw;&quot;&gt; in /www/kinsta/public/squ4d/wp-content/plugins/elementor/core/files/assets/svg/svg-handler.php on line 599
[22-Feb-2021 23:37:54 UTC] PHP Warning:  SimpleXMLElement::__construct(): 	                      ^ in /www/kinsta/public/squ4d/wp-content/plugins/elementor/core/files/assets/svg/svg-handler.php on line 599
[16-Mar-2021 18:32:52 UTC] WordPress database error Connection was killed for query SELECT option_value FROM wp_options WHERE option_name = 'uninstall_plugins' LIMIT 1 made by require('wp-blog-header.php'), require_once('wp-load.php'), require_once('wp-config.php'), require_once('wp-settings.php'), include_once('/plugins/elementor/elementor.php'), require('/plugins/elementor/includes/plugin.php'), Elementor\Plugin::instance, Elementor\Plugin->__construct, Elementor\Maintenance::init, register_uninstall_hook, get_option
[16-Mar-2021 18:41:41 UTC] Erreur de la base de donnes WordPress Connection was killed pour la requte SELECT option_value FROM wp_options WHERE option_name = 'lekker_core_performance_icon_pack_simple_line_icons' LIMIT 1 faite par require('wp-blog-header.php'), require_once('wp-load.php'), require_once('wp-config.php'), require_once('wp-settings.php'), do_action('after_setup_theme'), WP_Hook->do_action, WP_Hook->apply_filters, QodeFrameworkRoot->load_icons_files, QodeFrameworkIcons::get_instance, QodeFrameworkIcons->__construct, QodeFrameworkIcons->register_icon_packs, do_action('qode_framework_action_before_icons_register'), WP_Hook->do_action, WP_Hook->apply_filters, lekker_core_include_icons, lekker_core_performance_get_option_value, qode_framework_get_option_value, get_option
[16-Mar-2021 19:04:16 UTC] PHP Notice: A feed could not be found at `https://feeds.feedburner.com/wpfr`; the status code is `200` and content-type is `text/html; charset=UTF-8` in /www/kinsta/public/squ4d/wp-includes/class-simplepie.php on line 1728
